#
# A fatal error has been detected by the Java Runtime Environment:
#
#  SIGSEGV (0xb) at pc=0x000000011c743561, pid=55129, tid=8207
#
# JRE version: Java(TM) SE Runtime Environment (8.0_51-b16) (build 1.8.0_51-b16)
# Java VM: Java HotSpot(TM) 64-Bit Server VM (25.51-b03 mixed mode bsd-amd64 compressed oops)
# Problematic frame:
# C  [libglass.dylib+0x15561]  GlassScreenDidChangeScreenParameters+0x21
#
# Failed to write core dump. Core dumps have been disabled. To enable core dumping, try "ulimit -c unlimited" before starting Java again
#
# If you would like to submit a bug report, please visit:
#   http://bugreport.java.com/bugreport/crash.jsp
#

---------------  T H R E A D  ---------------

Current thread is native thread

siginfo: si_signo: 11 (SIGSEGV), si_code: 1 (SEGV_MAPERR), si_addr: 0x0000000000000000

Registers:
RAX=0x000000011c775ac8, RBX=0x0000000000000000, RCX=0xed004584d86bd9b3, RDX=0x00007fff7a90d1f8
RSP=0x00007fff5ae93210, RBP=0x00007fff5ae93220, RSI=0x00007f8cb0c226e0, RDI=0x0000000000000000
R8 =0x00007fff5ae930c0, R9 =0x00007fff79a4d300, R10=0x0000000000000000, R11=0x0000000000000246
R12=0x00007f8cb0c2bc80, R13=0x00000000000f4268, R14=0x00007f8cb0c96210, R15=0x00007fff5ae93360
RIP=0x000000011c743561, EFLAGS=0x0000000000010246, ERR=0x0000000000000004
  TRAPNO=0x000000000000000e

Top of Stack: (sp=0x00007fff5ae93210)
0x00007fff5ae93210:   00007fff5ae933f0 00007f8cb0c96210
0x00007fff5ae93220:   00007fff5ae93230 00007fff9898fcbc
0x00007fff5ae93230:   00007fff5ae93590 00007fff988811b4
0x00007fff5ae93240:   00007f8cb0e98a20 0000000000000a00
0x00007fff5ae93250:   0000000104d85000 00007f8cb0efc080
0x00007fff5ae93260:   0000000000001001 0000000000000270
0x00007fff5ae93270:   0000000000000004 00007f8cb0c96210
0x00007fff5ae93280:   0000000000000000 00007fff5ae93360
0x00007fff5ae93290:   0000000000000000 00007f8cb0c961d0
0x00007fff5ae932a0:   00007fff5ae933e0 000000000000001a
0x00007fff5ae932b0:   00000000000f4286 00007f8cb0d0dd50
0x00007fff5ae932c0:   00007f8cb0e74800 00007f8cb0c2bc80
0x00007fff5ae932d0:   0000000000000001 00000000000f4268
0x00007fff5ae932e0:   00007f8cb0c2bc70 00007fff8a9e0acb
0x00007fff5ae932f0:   0000000000000001 0000000000000001
0x00007fff5ae93300:   0000000000000030 0000000000000001
0x00007fff5ae93310:   00007fff5ae93330 00007fff8a9e6231
0x00007fff5ae93320:   00007fff7bc29dd0 0000000000000000
0x00007fff5ae93330:   00007fff5ae93350 0000000000000000
0x00007fff5ae93340:   000031038a9e053e 00007f8cb0c2bca4
0x00007fff5ae93350:   0000000000000000 00007fff98876c8f
0x00007fff5ae93360:   00007f8cb0c96210 00007fff7bc29dd0
0x00007fff5ae93370:   00007fff5ae933f0 00007fff9887f7bf
0x00007fff5ae93380:   0000000000000001 00007f8cb0cb03d0
0x00007fff5ae93390:   0000000104d88a00 0000000000000002
0x00007fff5ae933a0:   0000000104d85000 00007f8cb0d20a32
0x00007fff5ae933b0:   0000000000000003 0000000104d89400
0x00007fff5ae933c0:   00007fff5ae934b0 00007fff8a9df2a2
0x00007fff5ae933d0:   00007f8cb0e74390 00007fff5ae93598
0x00007fff5ae933e0:   0000000000000017 0000000000000000
0x00007fff5ae933f0:   00000000000f4268 00007fff98876f83
0x00007fff5ae93400:   00007fff00000000 00007f8cb0c6c780 

Instructions: (pc=0x000000011c743561)
0x000000011c743541:   48 89 e5 41 56 53 48 8d 05 72 26 03 00 48 83 38
0x000000011c743551:   00 48 89 fb 75 72 48 8d 05 6a 25 03 00 48 8b 30
0x000000011c743561:   48 8b 03 48 8d 15 74 9a 01 00 48 8d 0d 2e 70 01
0x000000011c743571:   00 48 89 df ff 90 88 03 00 00 48 8d 0d 3e 26 03 

Register to memory mapping:

RAX=0x000000011c775ac8: jScreenClass+0 in /Library/Java/JavaVirtualMachines/jdk1.8.0_51.jdk/Contents/Home/jre/lib/libglass.dylib at 0x000000011c72e000
RBX=0x0000000000000000 is an unknown value
RCX=0xed004584d86bd9b3 is an unknown value
RDX=0x00007fff7a90d1f8: __sFX+0x1c8 in /usr/lib/system/libsystem_c.dylib at 0x00007fff900bf000
RSP=0x00007fff5ae93210 is an unknown value
RBP=0x00007fff5ae93220 is an unknown value
RSI=0x00007f8cb0c226e0 is a global jni handle
RDI=0x0000000000000000 is an unknown value
R8 =0x00007fff5ae930c0 is an unknown value
R9 =0x00007fff79a4d300: _thread+0 in /usr/lib/system/libsystem_pthread.dylib at 0x00007fff8a97f000
R10=0x0000000000000000 is an unknown value
R11=0x0000000000000246 is an unknown value
R12=0x00007f8cb0c2bc80 is an unknown value
R13=0x00000000000f4268 is an unknown value
R14=0x00007f8cb0c96210 is an unknown value
R15=0x00007fff5ae93360 is an unknown value


Stack: [0x00007fff5a696000,0x00007fff5ae96000],  sp=0x00007fff5ae93210,  free space=8180k
Native frames: (J=compiled Java code, j=interpreted, Vv=VM code, C=native code)
C  [libglass.dylib+0x15561]  GlassScreenDidChangeScreenParameters+0x21
C  [CoreFoundation+0x11ecbc]  __CFNOTIFICATIONCENTER_IS_CALLING_OUT_TO_AN_OBSERVER__+0xc
C  [CoreFoundation+0x101b4]  _CFXNotificationPost+0xc44
C  [Foundation+0x2ea1]  -[NSNotificationCenter postNotificationName:object:userInfo:]+0x42
C  [AppKit+0x362dee]  -[NSApplication _reactToScreenInvalidationImmediately:]+0x17b
C  [AppKit+0x362c2d]  __44-[NSApplication _reactToScreenInvalidation:]_block_invoke+0x4b
C  [CoreFoundation+0x8054c]  __CFRUNLOOP_IS_CALLING_OUT_TO_A_BLOCK__+0xc
C  [CoreFoundation+0x72655]  __CFRunLoopDoBlocks+0x155
C  [CoreFoundation+0x72196]  __CFRunLoopRun+0x716
C  [CoreFoundation+0x71838]  CFRunLoopRunSpecific+0x128
C  [java+0x6463]  CreateExecutionEnvironment+0x367
C  [java+0x21ac]  JLI_Launch+0x7a0
C  [java+0x84c0]  main+0x65
C  [java+0x1a04]  start+0x34


---------------  P R O C E S S  ---------------

VM state:at safepoint (normal execution)

VM Mutex/Monitor currently owned by a thread:  ([mutex/lock_event])
[0x00007f8cb0c14a20] Threads_lock - owner thread: 0x00007f8cb104e000

Heap:
 PSYoungGen      total 18944K, used 10682K [0x00000007aab00000, 0x00000007ac000000, 0x00000007c0000000)
  eden space 16384K, 65% used [0x00000007aab00000,0x00000007ab56e908,0x00000007abb00000)
  from space 2560K, 0% used [0x00000007abd80000,0x00000007abd80000,0x00000007ac000000)
  to   space 2560K, 0% used [0x00000007abb00000,0x00000007abb00000,0x00000007abd80000)
 ParOldGen       total 44032K, used 0K [0x0000000780000000, 0x0000000782b00000, 0x00000007aab00000)
  object space 44032K, 0% used [0x0000000780000000,0x0000000780000000,0x0000000782b00000)
 Metaspace       used 6823K, capacity 7240K, committed 7424K, reserved 1056768K
  class space    used 810K, capacity 901K, committed 1024K, reserved 1048576K

Card table byte_map: [0x0000000115b29000,0x0000000115d2a000] byte_map_base: 0x0000000111f29000

Marking Bits: (ParMarkBitMap*) 0x00000001060c27a0
 Begin Bits: [0x000000011628c000, 0x000000011728c000)
 End Bits:   [0x000000011728c000, 0x000000011828c000)

Polling page: 0x0000000104fc6000

CodeCache: size=245760Kb used=2127Kb max_used=2127Kb free=243632Kb
 bounds [0x0000000106769000, 0x00000001069d9000, 0x0000000115769000]
 total_blobs=875 nmethods=489 adapters=300
 compilation: enabled

Compilation events (10 events):
Event: 0.933 Thread 0x00007f8cb2059000  485       3       java.lang.reflect.Modifier::isProtected (12 bytes)
Event: 0.933 Thread 0x00007f8cb2059000 nmethod 485 0x0000000106972e10 code [0x0000000106972f80, 0x0000000106973110]
Event: 0.943 Thread 0x00007f8cb2059000  486       1       java.nio.Buffer::limit (5 bytes)
Event: 0.943 Thread 0x00007f8cb2059000 nmethod 486 0x000000010697b490 code [0x000000010697b5e0, 0x000000010697b6f0]
Event: 0.944 Thread 0x00007f8cb2059000  487       3       java.nio.ByteBuffer::arrayOffset (35 bytes)
Event: 0.944 Thread 0x00007f8cb2059000 nmethod 487 0x000000010697b750 code [0x000000010697b8e0, 0x000000010697bbf8]
Event: 0.944 Thread 0x00007f8cb2059000  488       3       java.nio.Buffer::position (43 bytes)
Event: 0.945 Thread 0x00007f8cb2059000 nmethod 488 0x000000010697bd50 code [0x000000010697bec0, 0x000000010697c188]
Event: 0.945 Thread 0x00007f8cb2059000  489       3       java.nio.CharBuffer::arrayOffset (35 bytes)
Event: 0.945 Thread 0x00007f8cb2059000 nmethod 489 0x000000010697c250 code [0x000000010697c3e0, 0x000000010697c6f8]

GC Heap History (0 events):
No events

Deoptimization events (1 events):
Event: 0.882 Thread 0x00007f8cb1867800 Uncommon trap: reason=unstable_if action=reinterpret pc=0x0000000106924134 method=java.lang.String.replace(CC)Ljava/lang/String; @ 2

Internal exceptions (10 events):
Event: 0.119 Thread 0x00007f8cb1010800 Exception <a 'java/security/PrivilegedActionException'> (0x00000007aac89260) thrown at [/Users/java_re/workspace/8-2-build-macosx-x86_64/jdk8u51/3951/hotspot/src/share/vm/prims/jvm.cpp, line 1382]
Event: 0.228 Thread 0x00007f8cb1010800 Exception <a 'java/lang/NoSuchFieldError': method resolution failed> (0x00000007aad98c48) thrown at [/Users/java_re/workspace/8-2-build-macosx-x86_64/jdk8u51/3951/hotspot/src/share/vm/prims/methodHandles.cpp, line 1125]
Event: 0.231 Thread 0x00007f8cb1010800 Exception <a 'java/lang/NoSuchFieldError': method resolution failed> (0x00000007aada7318) thrown at [/Users/java_re/workspace/8-2-build-macosx-x86_64/jdk8u51/3951/hotspot/src/share/vm/prims/methodHandles.cpp, line 1125]
Event: 0.261 Thread 0x00007f8cb1010800 Exception <a 'java/security/PrivilegedActionException'> (0x00000007aae33808) thrown at [/Users/java_re/workspace/8-2-build-macosx-x86_64/jdk8u51/3951/hotspot/src/share/vm/prims/jvm.cpp, line 1382]
Event: 0.261 Thread 0x00007f8cb1010800 Exception <a 'java/security/PrivilegedActionException'> (0x00000007aae339c0) thrown at [/Users/java_re/workspace/8-2-build-macosx-x86_64/jdk8u51/3951/hotspot/src/share/vm/prims/jvm.cpp, line 1382]
Event: 0.262 Thread 0x00007f8cb1010800 Exception <a 'java/security/PrivilegedActionException'> (0x00000007aae36be0) thrown at [/Users/java_re/workspace/8-2-build-macosx-x86_64/jdk8u51/3951/hotspot/src/share/vm/prims/jvm.cpp, line 1382]
Event: 0.262 Thread 0x00007f8cb1010800 Exception <a 'java/security/PrivilegedActionException'> (0x00000007aae36d98) thrown at [/Users/java_re/workspace/8-2-build-macosx-x86_64/jdk8u51/3951/hotspot/src/share/vm/prims/jvm.cpp, line 1382]
Event: 0.263 Thread 0x00007f8cb1010800 Exception <a 'java/lang/NullPointerException'> (0x00000007aae386b8) thrown at [/Users/java_re/workspace/8-2-build-macosx-x86_64/jdk8u51/3951/hotspot/src/share/vm/interpreter/linkResolver.cpp, line 1178]
Event: 0.927 Thread 0x00007f8cb1867800 Exception <a 'java/lang/NullPointerException'> (0x00000007ab555aa8) thrown at [/Users/java_re/workspace/8-2-build-macosx-x86_64/jdk8u51/3951/hotspot/src/share/vm/interpreter/linkResolver.cpp, line 1178]
Event: 0.942 Thread 0x00007f8cb1010800 Exception <a 'java/lang/reflect/InvocationTargetException'> (0x00000007ab42e098) thrown at [/Users/java_re/workspace/8-2-build-macosx-x86_64/jdk8u51/3951/hotspot/src/share/vm/runtime/reflection.cpp, line 1080]

Events (10 events):
Event: 0.948 loading class java/util/Formatter$Flags done
Event: 0.948 loading class java/util/Formatter$Conversion
Event: 0.948 loading class java/util/Formatter$Conversion done
Event: 0.948 loading class java/util/Formattable
Event: 0.948 loading class java/util/Formattable done
Event: 0.949 loading class java/util/IdentityHashMap$KeyIterator
Event: 0.949 loading class java/util/IdentityHashMap$IdentityHashMapIterator
Event: 0.949 loading class java/util/IdentityHashMap$IdentityHashMapIterator done
Event: 0.949 loading class java/util/IdentityHashMap$KeyIterator done
Event: 0.949 Executing VM operation: Exit


Dynamic libraries:
0x00000000097d8000 	/System/Library/Frameworks/Cocoa.framework/Versions/A/Cocoa
0x00000000097d8000 	/System/Library/Frameworks/Security.framework/Versions/A/Security
0x00000000097d8000 	/System/Library/Frameworks/ApplicationServices.framework/Versions/A/ApplicationServices
0x00000000097d8000 	/usr/lib/libz.1.dylib
0x00000000097d8000 	/usr/lib/libSystem.B.dylib
0x00000000097d8000 	/usr/lib/libobjc.A.dylib
0x00000000097d8000 	/System/Library/Frameworks/CoreFoundation.framework/Versions/A/CoreFoundation
0x00000000097d8000 	/System/Library/Frameworks/Foundation.framework/Versions/C/Foundation
0x00000000097d8000 	/System/Library/Frameworks/AppKit.framework/Versions/C/AppKit
0x00000000097d8000 	/System/Library/Frameworks/CoreData.framework/Versions/A/CoreData
0x00000000097d8000 	/System/Library/PrivateFrameworks/RemoteViewServices.framework/Versions/A/RemoteViewServices
0x00000000097d8000 	/System/Library/PrivateFrameworks/UIFoundation.framework/Versions/A/UIFoundation
0x00000000097d8000 	/System/Library/Frameworks/IOSurface.framework/Versions/A/IOSurface
0x00000000097d8000 	/System/Library/Frameworks/AudioToolbox.framework/Versions/A/AudioToolbox
0x00000000097d8000 	/System/Library/Frameworks/AudioUnit.framework/Versions/A/AudioUnit
0x00000000097d8000 	/System/Library/PrivateFrameworks/DataDetectorsCore.framework/Versions/A/DataDetectorsCore
0x00000000097d8000 	/System/Library/PrivateFrameworks/DesktopServicesPriv.framework/Versions/A/DesktopServicesPriv
0x00000000097d8000 	/System/Library/Frameworks/Carbon.framework/Versions/A/Frameworks/HIToolbox.framework/Versions/A/HIToolbox
0x00000000097d8000 	/System/Library/Frameworks/QuartzCore.framework/Versions/A/QuartzCore
0x00000000097d8000 	/System/Library/Frameworks/Carbon.framework/Versions/A/Frameworks/SpeechRecognition.framework/Versions/A/SpeechRecognition
0x00000000097d8000 	/usr/lib/libauto.dylib
0x00000000097d8000 	/usr/lib/libicucore.A.dylib
0x00000000097d8000 	/usr/lib/libxml2.2.dylib
0x00000000097d8000 	/System/Library/PrivateFrameworks/CoreUI.framework/Versions/A/CoreUI
0x00000000097d8000 	/System/Library/Frameworks/CoreAudio.framework/Versions/A/CoreAudio
0x00000000097d8000 	/System/Library/Frameworks/DiskArbitration.framework/Versions/A/DiskArbitration
0x00000000097d8000 	/usr/lib/liblangid.dylib
0x00000000097d8000 	/System/Library/PrivateFrameworks/MultitouchSupport.framework/Versions/A/MultitouchSupport
0x00000000097d8000 	/System/Library/Frameworks/IOKit.framework/Versions/A/IOKit
0x00000000097d8000 	/usr/lib/libDiagnosticMessagesClient.dylib
0x00000000097d8000 	/System/Library/Frameworks/CoreServices.framework/Versions/A/CoreServices
0x00000000097d8000 	/System/Library/PrivateFrameworks/PerformanceAnalysis.framework/Versions/A/PerformanceAnalysis
0x00000000097d8000 	/System/Library/PrivateFrameworks/GenerationalStorage.framework/Versions/A/GenerationalStorage
0x00000000097d8000 	/System/Library/Frameworks/OpenGL.framework/Versions/A/OpenGL
0x00000000097d8000 	/System/Library/PrivateFrameworks/Sharing.framework/Versions/A/Sharing
0x00000000097d8000 	/System/Library/Frameworks/CoreGraphics.framework/Versions/A/CoreGraphics
0x00000000097d8000 	/System/Library/Frameworks/CoreText.framework/Versions/A/CoreText
0x00000000097d8000 	/System/Library/Frameworks/ImageIO.framework/Versions/A/ImageIO
0x00000000097d8000 	/usr/lib/libextension.dylib
0x00000000097d8000 	/System/Library/PrivateFrameworks/Backup.framework/Versions/A/Backup
0x00000000097d8000 	/usr/lib/libarchive.2.dylib
0x00000000097d8000 	/System/Library/Frameworks/CFNetwork.framework/Versions/A/CFNetwork
0x00000000097d8000 	/System/Library/Frameworks/SystemConfiguration.framework/Versions/A/SystemConfiguration
0x00000000097d8000 	/usr/lib/libCRFSuite.dylib
0x00000000097d8000 	/usr/lib/libc++.1.dylib
0x00000000097d8000 	/usr/lib/libc++abi.dylib
0x00000000097d8000 	/usr/lib/system/libcache.dylib
0x00000000097d8000 	/usr/lib/system/libcommonCrypto.dylib
0x00000000097d8000 	/usr/lib/system/libcompiler_rt.dylib
0x00000000097d8000 	/usr/lib/system/libcopyfile.dylib
0x00000000097d8000 	/usr/lib/system/libcorecrypto.dylib
0x00000000097d8000 	/usr/lib/system/libdispatch.dylib
0x00000000097d8000 	/usr/lib/system/libdyld.dylib
0x00000000097d8000 	/usr/lib/system/libkeymgr.dylib
0x00000000097d8000 	/usr/lib/system/liblaunch.dylib
0x00000000097d8000 	/usr/lib/system/libmacho.dylib
0x00000000097d8000 	/usr/lib/system/libquarantine.dylib
0x00000000097d8000 	/usr/lib/system/libremovefile.dylib
0x00000000097d8000 	/usr/lib/system/libsystem_asl.dylib
0x00000000097d8000 	/usr/lib/system/libsystem_blocks.dylib
0x00000000097d8000 	/usr/lib/system/libsystem_c.dylib
0x00000000097d8000 	/usr/lib/system/libsystem_configuration.dylib
0x00000000097d8000 	/usr/lib/system/libsystem_coreservices.dylib
0x00000000097d8000 	/usr/lib/system/libsystem_coretls.dylib
0x00000000097d8000 	/usr/lib/system/libsystem_dnssd.dylib
0x00000000097d8000 	/usr/lib/system/libsystem_info.dylib
0x00000000097d8000 	/usr/lib/system/libsystem_kernel.dylib
0x00000000097d8000 	/usr/lib/system/libsystem_m.dylib
0x00000000097d8000 	/usr/lib/system/libsystem_malloc.dylib
0x00000000097d8000 	/usr/lib/system/libsystem_network.dylib
0x00000000097d8000 	/usr/lib/system/libsystem_networkextension.dylib
0x00000000097d8000 	/usr/lib/system/libsystem_notify.dylib
0x00000000097d8000 	/usr/lib/system/libsystem_platform.dylib
0x00000000097d8000 	/usr/lib/system/libsystem_pthread.dylib
0x00000000097d8000 	/usr/lib/system/libsystem_sandbox.dylib
0x00000000097d8000 	/usr/lib/system/libsystem_secinit.dylib
0x00000000097d8000 	/usr/lib/system/libsystem_stats.dylib
0x00000000097d8000 	/usr/lib/system/libsystem_trace.dylib
0x00000000097d8000 	/usr/lib/system/libunc.dylib
0x00000000097d8000 	/usr/lib/system/libunwind.dylib
0x00000000097d8000 	/usr/lib/system/libxpc.dylib
0x00000000097d8000 	/usr/lib/libbz2.1.0.dylib
0x00000000097d8000 	/usr/lib/liblzma.5.dylib
0x00000000097d8000 	/usr/lib/libbsm.0.dylib
0x00000000097d8000 	/usr/lib/libsqlite3.dylib
0x00000000097d8000 	/usr/lib/system/libkxld.dylib
0x00000000097d8000 	/usr/lib/libxar.1.dylib
0x00000000097d8000 	/usr/lib/libpam.2.dylib
0x00000000097d8000 	/usr/lib/libOpenScriptingUtil.dylib
0x00000000097d8000 	/System/Library/Frameworks/CoreServices.framework/Versions/A/Frameworks/FSEvents.framework/Versions/A/FSEvents
0x00000000097d8000 	/System/Library/Frameworks/CoreServices.framework/Versions/A/Frameworks/CarbonCore.framework/Versions/A/CarbonCore
0x00000000097d8000 	/System/Library/Frameworks/CoreServices.framework/Versions/A/Frameworks/Metadata.framework/Versions/A/Metadata
0x00000000097d8000 	/System/Library/Frameworks/CoreServices.framework/Versions/A/Frameworks/OSServices.framework/Versions/A/OSServices
0x00000000097d8000 	/System/Library/Frameworks/CoreServices.framework/Versions/A/Frameworks/SearchKit.framework/Versions/A/SearchKit
0x00000000097d8000 	/System/Library/Frameworks/CoreServices.framework/Versions/A/Frameworks/AE.framework/Versions/A/AE
0x00000000097d8000 	/System/Library/Frameworks/CoreServices.framework/Versions/A/Frameworks/LaunchServices.framework/Versions/A/LaunchServices
0x00000000097d8000 	/System/Library/Frameworks/CoreServices.framework/Versions/A/Frameworks/DictionaryServices.framework/Versions/A/DictionaryServices
0x00000000097d8000 	/System/Library/Frameworks/NetFS.framework/Versions/A/NetFS
0x00000000097d8000 	/System/Library/PrivateFrameworks/NetAuth.framework/Versions/A/NetAuth
0x00000000097d8000 	/System/Library/PrivateFrameworks/login.framework/Versions/A/Frameworks/loginsupport.framework/Versions/A/loginsupport
0x00000000097d8000 	/System/Library/PrivateFrameworks/TCC.framework/Versions/A/TCC
0x00000000097d8000 	/usr/lib/libmecabra.dylib
0x00000000097d8000 	/System/Library/PrivateFrameworks/LanguageModeling.framework/Versions/A/LanguageModeling
0x00000000097d8000 	/usr/lib/libcmph.dylib
0x00000000097d8000 	/usr/lib/libiconv.2.dylib
0x00000000097d8000 	/System/Library/Frameworks/OpenDirectory.framework/Versions/A/Frameworks/CFOpenDirectory.framework/Versions/A/CFOpenDirectory
0x00000000097d8000 	/System/Library/Frameworks/ServiceManagement.framework/Versions/A/ServiceManagement
0x00000000097d8000 	/usr/lib/libxslt.1.dylib
0x00000000097d8000 	/System/Library/Frameworks/Carbon.framework/Versions/A/Frameworks/Ink.framework/Versions/A/Ink
0x00000000097d8000 	/System/Library/Frameworks/ApplicationServices.framework/Versions/A/Frameworks/ATS.framework/Versions/A/ATS
0x00000000097d8000 	/System/Library/Frameworks/ApplicationServices.framework/Versions/A/Frameworks/ColorSync.framework/Versions/A/ColorSync
0x00000000097d8000 	/System/Library/Frameworks/ApplicationServices.framework/Versions/A/Frameworks/HIServices.framework/Versions/A/HIServices
0x00000000097d8000 	/System/Library/Frameworks/ApplicationServices.framework/Versions/A/Frameworks/LangAnalysis.framework/Versions/A/LangAnalysis
0x00000000097d8000 	/System/Library/Frameworks/ApplicationServices.framework/Versions/A/Frameworks/PrintCore.framework/Versions/A/PrintCore
0x00000000097d8000 	/System/Library/Frameworks/ApplicationServices.framework/Versions/A/Frameworks/QD.framework/Versions/A/QD
0x00000000097d8000 	/System/Library/Frameworks/ApplicationServices.framework/Versions/A/Frameworks/SpeechSynthesis.framework/Versions/A/SpeechSynthesis
0x00000000097d8000 	/System/Library/Frameworks/Accelerate.framework/Versions/A/Accelerate
0x00000000097d8000 	/System/Library/Frameworks/Accelerate.framework/Versions/A/Frameworks/vImage.framework/Versions/A/vImage
0x00000000097d8000 	/System/Library/Frameworks/Accelerate.framework/Versions/A/Frameworks/vecLib.framework/Versions/A/vecLib
0x00000000097d8000 	/System/Library/Frameworks/Accelerate.framework/Versions/A/Frameworks/vecLib.framework/Versions/A/libvDSP.dylib
0x00000000097d8000 	/System/Library/Frameworks/Accelerate.framework/Versions/A/Frameworks/vecLib.framework/Versions/A/libvMisc.dylib
0x00000000097d8000 	/System/Library/Frameworks/Accelerate.framework/Versions/A/Frameworks/vecLib.framework/Versions/A/libLAPACK.dylib
0x00000000097d8000 	/System/Library/Frameworks/Accelerate.framework/Versions/A/Frameworks/vecLib.framework/Versions/A/libBLAS.dylib
0x00000000097d8000 	/System/Library/Frameworks/Accelerate.framework/Versions/A/Frameworks/vecLib.framework/Versions/A/libLinearAlgebra.dylib
0x00000000097d8000 	/System/Library/Frameworks/ApplicationServices.framework/Versions/A/Frameworks/ATS.framework/Versions/A/Resources/libFontParser.dylib
0x00000000097d8000 	/System/Library/Frameworks/ApplicationServices.framework/Versions/A/Frameworks/ATS.framework/Versions/A/Resources/libFontRegistry.dylib
0x00000000097d8000 	/System/Library/PrivateFrameworks/AppleVPA.framework/Versions/A/AppleVPA
0x00000000097d8000 	/System/Library/PrivateFrameworks/AppleJPEG.framework/Versions/A/AppleJPEG
0x00000000097d8000 	/System/Library/Frameworks/ImageIO.framework/Versions/A/Resources/libJPEG.dylib
0x00000000097d8000 	/System/Library/Frameworks/ImageIO.framework/Versions/A/Resources/libTIFF.dylib
0x00000000097d8000 	/System/Library/Frameworks/ImageIO.framework/Versions/A/Resources/libPng.dylib
0x00000000097d8000 	/System/Library/Frameworks/ImageIO.framework/Versions/A/Resources/libGIF.dylib
0x00000000097d8000 	/System/Library/Frameworks/ImageIO.framework/Versions/A/Resources/libJP2.dylib
0x00000000097d8000 	/System/Library/Frameworks/ImageIO.framework/Versions/A/Resources/libRadiance.dylib
0x00000000097d8000 	/System/Library/Frameworks/CoreVideo.framework/Versions/A/CoreVideo
0x00000000097d8000 	/System/Library/Frameworks/OpenGL.framework/Versions/A/Libraries/libGLU.dylib
0x00000000097d8000 	/System/Library/Frameworks/OpenGL.framework/Versions/A/Libraries/libGFXShared.dylib
0x00000000097d8000 	/System/Library/Frameworks/OpenGL.framework/Versions/A/Libraries/libGL.dylib
0x00000000097d8000 	/System/Library/Frameworks/OpenGL.framework/Versions/A/Libraries/libGLImage.dylib
0x00000000097d8000 	/System/Library/Frameworks/OpenGL.framework/Versions/A/Libraries/libCVMSPluginSupport.dylib
0x00000000097d8000 	/System/Library/Frameworks/OpenGL.framework/Versions/A/Libraries/libCoreVMClient.dylib
0x00000000097d8000 	/usr/lib/libcups.2.dylib
0x00000000097d8000 	/System/Library/Frameworks/Kerberos.framework/Versions/A/Kerberos
0x00000000097d8000 	/System/Library/Frameworks/GSS.framework/Versions/A/GSS
0x00000000097d8000 	/usr/lib/libresolv.9.dylib
0x00000000097d8000 	/System/Library/PrivateFrameworks/Heimdal.framework/Versions/A/Heimdal
0x00000000097d8000 	/usr/lib/libheimdal-asn1.dylib
0x00000000097d8000 	/System/Library/Frameworks/OpenDirectory.framework/Versions/A/OpenDirectory
0x00000000097d8000 	/System/Library/PrivateFrameworks/CommonAuth.framework/Versions/A/CommonAuth
0x00000000097d8000 	/System/Library/Frameworks/SecurityFoundation.framework/Versions/A/SecurityFoundation
0x00000000097d8000 	/System/Library/Frameworks/QuartzCore.framework/Versions/A/Frameworks/CoreImage.framework/Versions/A/CoreImage
0x00000000097d8000 	/System/Library/PrivateFrameworks/CrashReporterSupport.framework/Versions/A/CrashReporterSupport
0x00000000097d8000 	/System/Library/Frameworks/OpenCL.framework/Versions/A/OpenCL
0x00000000097d8000 	/System/Library/PrivateFrameworks/FaceCore.framework/Versions/A/FaceCore
0x00000000097d8000 	/System/Library/PrivateFrameworks/Ubiquity.framework/Versions/A/Ubiquity
0x00000000097d8000 	/System/Library/PrivateFrameworks/IconServices.framework/Versions/A/IconServices
0x00000000097d8000 	/System/Library/PrivateFrameworks/ChunkingLibrary.framework/Versions/A/ChunkingLibrary
0x00000000097d8000 	/System/Library/PrivateFrameworks/Apple80211.framework/Versions/A/Apple80211
0x00000000097d8000 	/System/Library/Frameworks/CoreWLAN.framework/Versions/A/CoreWLAN
0x00000000097d8000 	/System/Library/Frameworks/IOBluetooth.framework/Versions/A/IOBluetooth
0x00000000097d8000 	/System/Library/PrivateFrameworks/CoreWiFi.framework/Versions/A/CoreWiFi
0x00000000097d8000 	/System/Library/Frameworks/CoreBluetooth.framework/Versions/A/CoreBluetooth
0x00000000097d8000 	/System/Library/PrivateFrameworks/DebugSymbols.framework/Versions/A/DebugSymbols
0x00000000097d8000 	/System/Library/PrivateFrameworks/CoreSymbolication.framework/Versions/A/CoreSymbolication
0x00000000097d8000 	/System/Library/PrivateFrameworks/Symbolication.framework/Versions/A/Symbolication
0x00000000097d8000 	/System/Library/PrivateFrameworks/SpeechRecognitionCore.framework/Versions/A/SpeechRecognitionCore
0x0000000105800000 	/Library/Java/JavaVirtualMachines/jdk1.8.0_51.jdk/Contents/Home/jre/lib/server/libjvm.dylib
0x00000000097d8000 	/usr/lib/libstdc++.6.dylib
0x0000000104f83000 	/Library/Java/JavaVirtualMachines/jdk1.8.0_51.jdk/Contents/Home/jre/lib/libverify.dylib
0x0000000104f91000 	/Library/Java/JavaVirtualMachines/jdk1.8.0_51.jdk/Contents/Home/jre/lib/libjava.dylib
0x0000000104fd0000 	/Library/Java/JavaVirtualMachines/jdk1.8.0_51.jdk/Contents/Home/jre/lib/libzip.dylib
0x000000011a264000 	/System/Library/Frameworks/JavaVM.framework/Frameworks/JavaRuntimeSupport.framework/JavaRuntimeSupport
0x000000011a27c000 	/System/Library/Frameworks/JavaVM.framework/Versions/A/Frameworks/JavaNativeFoundation.framework/Versions/A/JavaNativeFoundation
0x0000000104fee000 	/System/Library/Frameworks/JavaVM.framework/Versions/A/JavaVM
0x00000000097d8000 	/System/Library/Frameworks/Carbon.framework/Versions/A/Carbon
0x000000011a291000 	/System/Library/PrivateFrameworks/JavaLaunching.framework/Versions/A/JavaLaunching
0x00000000097d8000 	/System/Library/Frameworks/Carbon.framework/Versions/A/Frameworks/CommonPanels.framework/Versions/A/CommonPanels
0x00000000097d8000 	/System/Library/Frameworks/Carbon.framework/Versions/A/Frameworks/Help.framework/Versions/A/Help
0x00000000097d8000 	/System/Library/Frameworks/Carbon.framework/Versions/A/Frameworks/ImageCapture.framework/Versions/A/ImageCapture
0x00000000097d8000 	/System/Library/Frameworks/Carbon.framework/Versions/A/Frameworks/OpenScripting.framework/Versions/A/OpenScripting
0x00000000097d8000 	/System/Library/Frameworks/Carbon.framework/Versions/A/Frameworks/Print.framework/Versions/A/Print
0x00000000097d8000 	/System/Library/Frameworks/Carbon.framework/Versions/A/Frameworks/SecurityHI.framework/Versions/A/SecurityHI
0x000000011c280000 	/Library/Java/JavaVirtualMachines/jdk1.8.0_51.jdk/Contents/Home/jre/lib/libprism_es2.dylib
0x00000000097d8000 	/System/Library/Frameworks/OpenGL.framework/Versions/A/Resources/GLEngine.bundle/GLEngine
0x00000000097d8000 	/System/Library/Frameworks/OpenGL.framework/Versions/A/Libraries/libGLProgrammability.dylib
0x0000000000000000 	/System/Library/Extensions/AppleIntelHD5000GraphicsGLDriver.bundle/Contents/MacOS/AppleIntelHD5000GraphicsGLDriver
0x00000000097d8000 	/System/Library/PrivateFrameworks/IOAccelerator.framework/Versions/A/IOAccelerator
0x00000000097d8000 	/System/Library/PrivateFrameworks/GPUSupport.framework/Versions/A/Libraries/libGPUSupportMercury.dylib
0x00000000097d8000 	/System/Library/Frameworks/OpenGL.framework/Versions/A/Resources/GLRendererFloat.bundle/GLRendererFloat
0x00000000097d8000 	/System/Library/Frameworks/OpenCL.framework/Versions/A/Libraries/libcldcpuengine.dylib
0x00000000097d8000 	/System/Library/PrivateFrameworks/DiskImages.framework/Versions/A/DiskImages
0x00000000097d8000 	/System/Library/Frameworks/DiscRecording.framework/Versions/A/DiscRecording
0x00000000097d8000 	/usr/lib/libcsfde.dylib
0x00000000097d8000 	/usr/lib/libcurl.4.dylib
0x00000000097d8000 	/System/Library/PrivateFrameworks/MediaKit.framework/Versions/A/MediaKit
0x00000000097d8000 	/System/Library/PrivateFrameworks/ProtectedCloudStorage.framework/Versions/A/ProtectedCloudStorage
0x00000000097d8000 	/usr/lib/libCoreStorage.dylib
0x00000000097d8000 	/System/Library/PrivateFrameworks/EFILogin.framework/Versions/A/EFILogin
0x00000000097d8000 	/usr/lib/libutil.dylib
0x00000000097d8000 	/System/Library/PrivateFrameworks/FindMyDevice.framework/Versions/A/FindMyDevice
0x00000000097d8000 	/System/Library/Frameworks/LDAP.framework/Versions/A/LDAP
0x00000000097d8000 	/usr/lib/libsasl2.2.dylib
0x00000000097d8000 	/System/Library/PrivateFrameworks/CoreDaemon.framework/Versions/B/CoreDaemon
0x00000000097d8000 	/usr/lib/libcrypto.0.9.8.dylib
0x00000000097d8000 	/System/Library/PrivateFrameworks/AppleSRP.framework/Versions/A/AppleSRP
0x00000000097d8000 	/System/Library/PrivateFrameworks/TrustEvaluationAgent.framework/Versions/A/TrustEvaluationAgent
0x000000011c72e000 	/Library/Java/JavaVirtualMachines/jdk1.8.0_51.jdk/Contents/Home/jre/lib/libglass.dylib
0x00000000097d8000 	/System/Library/PrivateFrameworks/CoreServicesInternal.framework/Versions/A/CoreServicesInternal
0x00000000097d8000 	/System/Library/PrivateFrameworks/CloudDocs.framework/Versions/A/CloudDocs
0x00000000097d8000 	/System/Library/PrivateFrameworks/CoreDuet.framework/Versions/A/CoreDuet
0x00000000097d8000 	/System/Library/Frameworks/CloudKit.framework/Versions/A/CloudKit
0x00000000097d8000 	/System/Library/PrivateFrameworks/ProtocolBuffer.framework/Versions/A/ProtocolBuffer
0x00000000097d8000 	/System/Library/PrivateFrameworks/CoreDuetDaemonProtocol.framework/Versions/A/CoreDuetDaemonProtocol
0x00000000097d8000 	/System/Library/PrivateFrameworks/CoreDuetDebugLogging.framework/Versions/A/CoreDuetDebugLogging
0x00000000097d8000 	/System/Library/Frameworks/CoreLocation.framework/Versions/A/CoreLocation
0x00000000097d8000 	/System/Library/Frameworks/Accounts.framework/Versions/A/Accounts
0x00000000097d8000 	/System/Library/PrivateFrameworks/ApplePushService.framework/Versions/A/ApplePushService
0x00000000097d8000 	/System/Library/PrivateFrameworks/GeoServices.framework/Versions/A/GeoServices
0x00000000097d8000 	/System/Library/PrivateFrameworks/OAuth.framework/Versions/A/OAuth
0x00000000097d8000 	/System/Library/Frameworks/CoreGraphics.framework/Versions/A/Resources/libCGCMS.A.dylib
0x00000000097d8000 	/System/Library/CoreServices/RawCamera.bundle/Contents/MacOS/RawCamera
0x00000000097d8000 	/System/Library/Frameworks/CoreGraphics.framework/Versions/A/Resources/libRIP.A.dylib
0x00000000097d8000 	/System/Library/PrivateFrameworks/FamilyControls.framework/Versions/A/FamilyControls
0x00000000097d8000 	/System/Library/PrivateFrameworks/CommerceKit.framework/Versions/A/Frameworks/CommerceCore.framework/Versions/A/CommerceCore
0x00000000097d8000 	/System/Library/PrivateFrameworks/SystemAdministration.framework/Versions/A/SystemAdministration
0x00000000097d8000 	/System/Library/PrivateFrameworks/AppContainer.framework/Versions/A/AppContainer
0x00000000097d8000 	/System/Library/PrivateFrameworks/SecCodeWrapper.framework/Versions/A/SecCodeWrapper
0x00000000097d8000 	/System/Library/Frameworks/DirectoryService.framework/Versions/A/DirectoryService
0x00000000097d8000 	/System/Library/PrivateFrameworks/LoginUIKit.framework/Versions/A/Frameworks/LoginUICore.framework/Versions/A/LoginUICore
0x00000000097d8000 	/usr/lib/libodfde.dylib

VM Arguments:
java_command: boardview.ChessFX
java_class_path (initial): target/classes
Launcher Type: SUN_STANDARD

Environment Variables:
PATH=/opt/local/bin:/opt/local/sbin:/Library/Frameworks/Python.framework/Versions/2.7/bin:/usr/local/bin:/usr/bin:/bin:/usr/sbin:/sbin
SHELL=/bin/bash

Signal Handlers:
SIGSEGV: [libjvm.dylib+0x58ef35], sa_mask[0]=11111111011111110111111111111111, sa_flags=SA_ONSTACK|SA_RESTART|SA_SIGINFO
SIGBUS: [libjvm.dylib+0x58ef35], sa_mask[0]=11111111011111110111111111111111, sa_flags=SA_RESTART|SA_SIGINFO
SIGFPE: [libjvm.dylib+0x46c028], sa_mask[0]=11111111011111110111111111111111, sa_flags=SA_RESTART|SA_SIGINFO
SIGPIPE: [libjvm.dylib+0x46c028], sa_mask[0]=11111111011111110111111111111111, sa_flags=SA_RESTART|SA_SIGINFO
SIGXFSZ: [libjvm.dylib+0x46c028], sa_mask[0]=11111111011111110111111111111111, sa_flags=SA_RESTART|SA_SIGINFO
SIGILL: [libjvm.dylib+0x46c028], sa_mask[0]=11111111011111110111111111111111, sa_flags=SA_RESTART|SA_SIGINFO
SIGUSR1: SIG_DFL, sa_mask[0]=11011111011111100000000111000110, sa_flags=none
SIGUSR2: [libjvm.dylib+0x46bb46], sa_mask[0]=00000000000000000000000000000000, sa_flags=SA_RESTART|SA_SIGINFO
SIGHUP: [libjvm.dylib+0x46a119], sa_mask[0]=11111111011111110111111111111111, sa_flags=SA_RESTART|SA_SIGINFO
SIGINT: [libjvm.dylib+0x46a119], sa_mask[0]=11111111011111110111111111111111, sa_flags=SA_RESTART|SA_SIGINFO
SIGTERM: [libjvm.dylib+0x46a119], sa_mask[0]=11111111011111110111111111111111, sa_flags=SA_RESTART|SA_SIGINFO
SIGQUIT: [libjvm.dylib+0x46a119], sa_mask[0]=11111111011111110111111111111111, sa_flags=SA_RESTART|SA_SIGINFO


---------------  S Y S T E M  ---------------

OS:Bsduname:Darwin 14.0.0 Darwin Kernel Version 14.0.0: Fri Sep 19 00:26:44 PDT 2014; root:xnu-2782.1.97~2/RELEASE_X86_64 x86_64
rlimit: STACK 8192k, CORE 0k, NPROC 709, NOFILE 10240, AS infinity
load average:1.60 1.50 1.51

CPU:total 4 (2 cores per cpu, 2 threads per core) family 6 model 69 stepping 1, cmov, cx8, fxsr, mmx, sse, sse2, sse3, ssse3, sse4.1, sse4.2, popcnt, avx, avx2, aes, clmul, erms, lzcnt, ht, tsc, tscinvbit, bmi1, bmi2

Memory: 4k page, physical 4194304k(25720k free)

/proc/meminfo:


vm_info: Java HotSpot(TM) 64-Bit Server VM (25.51-b03) for bsd-amd64 JRE (1.8.0_51-b16), built on Jun  8 2015 18:01:11 by "java_re" with gcc 4.2.1 (Based on Apple Inc. build 5658) (LLVM build 2336.11.00)

time: Mon Nov 16 13:31:48 2015
elapsed time: 0 seconds (0d 0h 0m 0s)

